<?xml version="1.0" encoding="UTF-8"?>
<testsuite xmlns:xsi="http://www.w3.org/2001/XMLSchema-instance" xsi:noNamespaceSchemaLocation="https://maven.apache.org/surefire/maven-surefire-plugin/xsd/surefire-test-report-3.0.xsd" version="3.0" name="com.easyride.analytics_service.AnalyticsServiceImplTest" time="0.788" tests="8" errors="0" skipped="0" failures="0">
  <properties>
[...]
</properties>
  <testcase name="getAverageOrderValue_ShouldCalculateCorrectly" classname="com.easyride.analytics_service.AnalyticsServiceImplTest" time="0.751"/>
  <testcase name="getDriverAcceptanceRate_ShouldCalculateCorrectly" classname="com.easyride.analytics_service.AnalyticsServiceImplTest" time="0.003"/>
  <testcase name="recordAnalyticsData_ShouldUseRedis_WhenActiveUserLogin" classname="com.easyride.analytics_service.AnalyticsServiceImplTest" time="0.006"/>
  <testcase name="getAdminDashboardSummary_ShouldReturnSummary" classname="com.easyride.analytics_service.AnalyticsServiceImplTest" time="0.002"/>
  <testcase name="getDailyActiveUsers_ShouldReturnCount" classname="com.easyride.analytics_service.AnalyticsServiceImplTest" time="0.002"/>
  <testcase name="recordAnalyticsData_ShouldSaveRecord_WhenNotActiveUserLogin" classname="com.easyride.analytics_service.AnalyticsServiceImplTest" time="0.002"/>
  <testcase name="getMonthlyActiveUsers_ShouldReturnCount" classname="com.easyride.analytics_service.AnalyticsServiceImplTest" time="0.001"/>
  <testcase name="getUserRetentionRate_ShouldReturnZero_WhenNoCohortUsers" classname="com.easyride.analytics_service.AnalyticsServiceImplTest" time="0.002"/>
</testsuite>