<?xml version="1.0" encoding="UTF-8"?>
<testsuite xmlns:xsi="http://www.w3.org/2001/XMLSchema-instance" xsi:noNamespaceSchemaLocation="https://maven.apache.org/surefire/maven-surefire-plugin/xsd/surefire-test-report-3.0.xsd" version="3.0" name="com.easyride.order_service.service.PricingServiceImplTest" time="0.115" tests="13" errors="0" skipped="0" failures="0">
  <properties>
[...]
</properties>
  <testcase name="calculateEstimatedPrice_EveningPeak_Surcharge" classname="com.easyride.order_service.service.PricingServiceImplTest" time="0.081">
    <system-out><![CDATA[17:07:07.057 [main] INFO com.easyride.order_service.service.PricingServiceImpl -- Calculating estimated price for context: PricingContext(startLocation=LocationDto(latitude=31.2304, longitude=121.4737), endLocation=LocationDto(latitude=31.2222, longitude=121.4581), vehicleType=null, serviceType=EXPRESS, scheduledTime=2026-01-03T18:00:07.054519, actualDistanceKm=null, actualDurationMinutes=null)
17:07:07.066 [main] INFO com.easyride.order_service.service.PricingServiceImpl -- Estimated price: cost=6.969862675704964, distance=1.7411678402214752, duration=3.4823356804429504
]]></system-out>
  </testcase>
  <testcase name="calculateEstimatedPrice_Carpool_Success" classname="com.easyride.order_service.service.PricingServiceImplTest" time="0.002">
    <system-out><![CDATA[17:07:07.076 [main] INFO com.easyride.order_service.service.PricingServiceImpl -- Calculating estimated price for context: PricingContext(startLocation=LocationDto(latitude=31.2304, longitude=121.4737), endLocation=LocationDto(latitude=31.2222, longitude=121.4581), vehicleType=null, serviceType=CARPOOL, scheduledTime=null, actualDistanceKm=null, actualDurationMinutes=null)
17:07:07.076 [main] INFO com.easyride.order_service.service.PricingServiceImpl -- Estimated price: cost=4.063518192287917, distance=1.7411678402214752, duration=3.4823356804429504
]]></system-out>
  </testcase>
  <testcase name="calculateCancellationFee_Scheduled_WithFee" classname="com.easyride.order_service.service.PricingServiceImplTest" time="0.002">
    <system-out><![CDATA[17:07:07.079 [main] INFO com.easyride.order_service.service.PricingServiceImpl -- Calculating cancellation fee for order ID: null
]]></system-out>
  </testcase>
  <testcase name="calculateEstimatedPrice_MorningPeak_Surcharge" classname="com.easyride.order_service.service.PricingServiceImplTest" time="0.001">
    <system-out><![CDATA[17:07:07.080 [main] INFO com.easyride.order_service.service.PricingServiceImpl -- Calculating estimated price for context: PricingContext(startLocation=LocationDto(latitude=31.2304, longitude=121.4737), endLocation=LocationDto(latitude=31.2222, longitude=121.4581), vehicleType=null, serviceType=EXPRESS, scheduledTime=2026-01-03T08:00:07.080909, actualDistanceKm=null, actualDurationMinutes=null)
17:07:07.081 [main] INFO com.easyride.order_service.service.PricingServiceImpl -- Estimated price: cost=6.969862675704964, distance=1.7411678402214752, duration=3.4823356804429504
]]></system-out>
  </testcase>
  <testcase name="calculateEstimatedPrice_CharterHourly_Success" classname="com.easyride.order_service.service.PricingServiceImplTest" time="0.003">
    <system-out><![CDATA[17:07:07.082 [main] INFO com.easyride.order_service.service.PricingServiceImpl -- Calculating estimated price for context: PricingContext(startLocation=LocationDto(latitude=31.2304, longitude=121.4737), endLocation=null, vehicleType=null, serviceType=CHARTER_HOURLY, scheduledTime=2026-01-03T17:07:07.082300, actualDistanceKm=null, actualDurationMinutes=120.0)
]]></system-out>
  </testcase>
  <testcase name="calculateEstimatedPrice_AirportTransfer_Success" classname="com.easyride.order_service.service.PricingServiceImplTest" time="0.001">
    <system-out><![CDATA[17:07:07.085 [main] INFO com.easyride.order_service.service.PricingServiceImpl -- Calculating estimated price for context: PricingContext(startLocation=LocationDto(latitude=31.2304, longitude=121.4737), endLocation=LocationDto(latitude=31.2222, longitude=121.4581), vehicleType=null, serviceType=AIRPORT_TRANSFER, scheduledTime=null, actualDistanceKm=null, actualDurationMinutes=null)
17:07:07.085 [main] INFO com.easyride.order_service.service.PricingServiceImpl -- Estimated price: cost=10.808218896420803, distance=1.7411678402214752, duration=3.4823356804429504
]]></system-out>
  </testcase>
  <testcase name="calculateFinalPrice_Success" classname="com.easyride.order_service.service.PricingServiceImplTest" time="0.001"/>
  <testcase name="calculateCancellationFee_Arrived_WithFee" classname="com.easyride.order_service.service.PricingServiceImplTest" time="0.0">
    <system-out><![CDATA[17:07:07.088 [main] INFO com.easyride.order_service.service.PricingServiceImpl -- Calculating cancellation fee for order ID: 1
17:07:07.088 [main] INFO com.easyride.order_service.service.PricingServiceImpl -- Cancellation fee (driver arrived) applied: $8.0
]]></system-out>
  </testcase>
  <testcase name="calculateFinalPrice_MissingTimes_ThrowsException" classname="com.easyride.order_service.service.PricingServiceImplTest" time="0.002"/>
  <testcase name="calculateEstimatedPrice_MissingLocation_ThrowsException" classname="com.easyride.order_service.service.PricingServiceImplTest" time="0.001"/>
  <testcase name="calculateCancellationFee_Scheduled_Free" classname="com.easyride.order_service.service.PricingServiceImplTest" time="0.001">
    <system-out><![CDATA[17:07:07.092 [main] INFO com.easyride.order_service.service.PricingServiceImpl -- Calculating cancellation fee for order ID: null
]]></system-out>
  </testcase>
  <testcase name="calculateCancellationFee_InFreeWindow" classname="com.easyride.order_service.service.PricingServiceImplTest" time="0.001">
    <system-out><![CDATA[17:07:07.092 [main] INFO com.easyride.order_service.service.PricingServiceImpl -- Calculating cancellation fee for order ID: null
17:07:07.093 [main] INFO com.easyride.order_service.service.PricingServiceImpl -- Order null cancelled within free window or in a non-chargeable state.
]]></system-out>
  </testcase>
  <testcase name="calculateEstimatedPrice_Normal_Success" classname="com.easyride.order_service.service.PricingServiceImplTest" time="0.001">
    <system-out><![CDATA[17:07:07.093 [main] INFO com.easyride.order_service.service.PricingServiceImpl -- Calculating estimated price for context: PricingContext(startLocation=LocationDto(latitude=31.2304, longitude=121.4737), endLocation=LocationDto(latitude=31.2222, longitude=121.4581), vehicleType=null, serviceType=EXPRESS, scheduledTime=null, actualDistanceKm=null, actualDurationMinutes=null)
17:07:07.094 [main] INFO com.easyride.order_service.service.PricingServiceImpl -- Estimated price: cost=5.8082188964208035, distance=1.7411678402214752, duration=3.4823356804429504
]]></system-out>
  </testcase>
</testsuite>