<?xml version="1.0" encoding="UTF-8"?>
<testsuite xmlns:xsi="http://www.w3.org/2001/XMLSchema-instance" xsi:noNamespaceSchemaLocation="https://maven.apache.org/surefire/maven-surefire-plugin/xsd/surefire-test-report.xsd" version="3.0.2" name="com.easyride.matching_service.service.MatchingServiceImplTest" time="0.909" tests="6" errors="0" skipped="0" failures="0">
  <properties>
[...]
</properties>
  <testcase name="updateDriverStatus_Available" classname="com.easyride.matching_service.service.MatchingServiceImplTest" time="0.856">
    <system-out><![CDATA[17:26:34.511 [main] INFO com.easyride.matching_service.service.MatchingServiceImpl -- Updating status for driver ID 301: DriverStatusUpdateDto(available=true, currentLatitude=31.0, currentLongitude=121.0, currentCity=null)
17:26:34.520 [main] INFO com.easyride.matching_service.service.MatchingServiceImpl -- DriverStatus for ID 301 updated successfully in DB and Redis.
]]></system-out>
  </testcase>
  <testcase name="acceptOrder_Success" classname="com.easyride.matching_service.service.MatchingServiceImplTest" time="0.009">
    <system-out><![CDATA[17:26:34.537 [main] INFO com.easyride.matching_service.service.MatchingServiceImpl -- Driver 201 attempting to accept/grab order 500
17:26:34.540 [main] INFO com.easyride.matching_service.service.MatchingServiceImpl -- Order 500 successfully grabbed and assigned to driver 201
]]></system-out>
  </testcase>
  <testcase name="acceptOrder_DriverUnavailable" classname="com.easyride.matching_service.service.MatchingServiceImplTest" time="0.005">
    <system-out><![CDATA[17:26:34.547 [main] INFO com.easyride.matching_service.service.MatchingServiceImpl -- Driver 201 attempting to accept/grab order 500
17:26:34.547 [main] WARN com.easyride.matching_service.service.MatchingServiceImpl -- Driver 201 not found or not available to accept order 500
]]></system-out>
  </testcase>
  <testcase name="updateDriverStatus_Unavailable" classname="com.easyride.matching_service.service.MatchingServiceImplTest" time="0.007">
    <system-out><![CDATA[17:26:34.554 [main] INFO com.easyride.matching_service.service.MatchingServiceImpl -- Updating status for driver ID 301: DriverStatusUpdateDto(available=false, currentLatitude=null, currentLongitude=null, currentCity=null)
17:26:34.555 [main] INFO com.easyride.matching_service.service.MatchingServiceImpl -- DriverStatus for ID 301 updated successfully in DB and Redis.
]]></system-out>
  </testcase>
  <testcase name="findAndAssignDriver_Success" classname="com.easyride.matching_service.service.MatchingServiceImplTest" time="0.013">
    <system-out><![CDATA[17:26:34.562 [main] INFO com.easyride.matching_service.service.MatchingServiceImpl -- Attempting to find driver for order: 100
17:26:34.566 [main] INFO com.easyride.matching_service.service.MatchingServiceImpl -- Successfully matched driver 201 to order 100
]]></system-out>
  </testcase>
  <testcase name="findAndAssignDriver_NoDriversNearby" classname="com.easyride.matching_service.service.MatchingServiceImplTest" time="0.004">
    <system-out><![CDATA[17:26:34.573 [main] INFO com.easyride.matching_service.service.MatchingServiceImpl -- Attempting to find driver for order: 101
17:26:34.573 [main] WARN com.easyride.matching_service.service.MatchingServiceImpl -- No drivers found within 10.0km for order 101
]]></system-out>
  </testcase>
</testsuite>