<?xml version="1.0" encoding="UTF-8"?>
<testsuite xmlns:xsi="http://www.w3.org/2001/XMLSchema-instance" xsi:noNamespaceSchemaLocation="https://maven.apache.org/surefire/maven-surefire-plugin/xsd/surefire-test-report-3.0.xsd" version="3.0" name="com.evaluation.rocketmq.PaymentSuccessConsumerTest" time="0.008" tests="1" errors="0" skipped="0" failures="0">
  <properties>
[...]
</properties>
  <testcase name="onMessage_Success" classname="com.evaluation.rocketmq.PaymentSuccessConsumerTest" time="0.007">
    <system-out><![CDATA[20:21:10.930 [main] INFO com.evaluation.rocketmq.PaymentSuccessConsumer -- Received payment success event for order: 123
]]></system-out>
  </testcase>
</testsuite>