<?xml version="1.0" encoding="UTF-8"?>
<testsuite xmlns:xsi="http://www.w3.org/2001/XMLSchema-instance" xsi:noNamespaceSchemaLocation="https://maven.apache.org/surefire/maven-surefire-plugin/xsd/surefire-test-report.xsd" version="3.0.2" name="com.easyride.payment_service.PaymentSignatureVerificationInterceptorTest" time="0.008" tests="4" errors="0" skipped="0" failures="0">
  <properties>
[...]
</properties>
  <testcase name="testPreHandle_MissingHeaders" classname="com.easyride.payment_service.PaymentSignatureVerificationInterceptorTest" time="0.003"/>
  <testcase name="testPreHandle_Success" classname="com.easyride.payment_service.PaymentSignatureVerificationInterceptorTest" time="0.003"/>
  <testcase name="testPreHandle_InvalidTimestamp" classname="com.easyride.payment_service.PaymentSignatureVerificationInterceptorTest" time="0.001"/>
  <testcase name="testPreHandle_InvalidSignature" classname="com.easyride.payment_service.PaymentSignatureVerificationInterceptorTest" time="0.0"/>
</testsuite>