<?xml version="1.0" encoding="UTF-8"?>
<testsuite xmlns:xsi="http://www.w3.org/2001/XMLSchema-instance" xsi:noNamespaceSchemaLocation="https://maven.apache.org/surefire/maven-surefire-plugin/xsd/surefire-test-report.xsd" version="3.0.2" name="com.easyride.payment_service.WithdrawalRepositoryTest" time="2.452" tests="1" errors="0" skipped="0" failures="0">
  <properties>
[...]
</properties>
  <testcase name="testFindByWalletId" classname="com.easyride.payment_service.WithdrawalRepositoryTest" time="0.412">
    <system-out><![CDATA[Standard Commons Logging discovery in action with spring-jcl: please remove commons-logging.jar from classpath in order to avoid potential conflicts
20:59:07.761 [main] INFO org.springframework.test.context.support.AnnotationConfigContextLoaderUtils -- Could not detect default configuration classes for test class [com.easyride.payment_service.WithdrawalRepositoryTest]: WithdrawalRepositoryTest does not declare any static, non-private, non-final, nested classes annotated with @Configuration.
20:59:07.845 [main] INFO org.springframework.boot.test.context.SpringBootTestContextBootstrapper -- Found @SpringBootConfiguration com.easyride.payment_service.PaymentServiceApplication for test class com.easyride.payment_service.WithdrawalRepositoryTest
20:59:07.900 [main] INFO org.springframework.boot.devtools.restart.RestartApplicationListener -- Restart disabled due to context in which it is running

  .   ____          _            __ _ _
 /\\ / ___'_ __ _ _(_)_ __  __ _ \ \ \ \
( ( )\___ | '_ | '_| | '_ \/ _` | \ \ \ \
 \\/  ___)| |_)| | | | | || (_| |  ) ) ) )
  '  |____| .__|_| |_|_| |_\__, | / / / /
 =========|_|==============|___/=/_/_/_/

 :: Spring Boot ::                (v3.4.1)

2026-01-03T20:59:08.100-05:00  INFO 20801 --- [payment_service] [           main] c.e.p.WithdrawalRepositoryTest           : Starting WithdrawalRepositoryTest using Java 17.0.16 with PID 20801 (started by timyu in /Users/timyu/Desktop/Easyride_Essensial_Features/payment_service)
2026-01-03T20:59:08.101-05:00  INFO 20801 --- [payment_service] [           main] c.e.p.WithdrawalRepositoryTest           : No active profile set, falling back to 1 default profile: "default"
2026-01-03T20:59:08.358-05:00  INFO 20801 --- [payment_service] [           main] .s.d.r.c.RepositoryConfigurationDelegate : Multiple Spring Data modules found, entering strict repository configuration mode
2026-01-03T20:59:08.360-05:00  INFO 20801 --- [payment_service] [           main] .s.d.r.c.RepositoryConfigurationDelegate : Bootstrapping Spring Data JPA repositories in DEFAULT mode.
2026-01-03T20:59:08.450-05:00  INFO 20801 --- [payment_service] [           main] .s.d.r.c.RepositoryConfigurationDelegate : Finished Spring Data repository scanning in 85 ms. Found 5 JPA repository interfaces.
2026-01-03T20:59:08.483-05:00  INFO 20801 --- [payment_service] [           main] beddedDataSourceBeanFactoryPostProcessor : Replacing 'dataSource' DataSource bean with embedded version
2026-01-03T20:59:08.574-05:00  INFO 20801 --- [payment_service] [           main] o.s.j.d.e.EmbeddedDatabaseFactory        : Starting embedded database: url='jdbc:h2:mem:b38654c1-d3e4-4097-9261-f10b60e42f91;DB_CLOSE_DELAY=-1;DB_CLOSE_ON_EXIT=false', username='sa'
2026-01-03T20:59:08.726-05:00  INFO 20801 --- [payment_service] [           main] o.hibernate.jpa.internal.util.LogHelper  : HHH000204: Processing PersistenceUnitInfo [name: default]
2026-01-03T20:59:08.764-05:00  INFO 20801 --- [payment_service] [           main] org.hibernate.Version                    : HHH000412: Hibernate ORM core version 6.6.4.Final
2026-01-03T20:59:08.778-05:00  INFO 20801 --- [payment_service] [           main] o.h.c.internal.RegionFactoryInitiator    : HHH000026: Second-level cache disabled
2026-01-03T20:59:08.902-05:00  INFO 20801 --- [payment_service] [           main] o.s.o.j.p.SpringPersistenceUnitInfo      : No LoadTimeWeaver setup: ignoring JPA class transformer
2026-01-03T20:59:08.945-05:00  INFO 20801 --- [payment_service] [           main] org.hibernate.orm.connections.pooling    : HHH10001005: Database info:
	Database JDBC URL [Connecting through datasource 'org.springframework.jdbc.datasource.embedded.EmbeddedDatabaseFactory$EmbeddedDataSourceProxy@395a573c']
	Database driver: undefined/unknown
	Database version: 2.3.232
	Autocommit mode: undefined/unknown
	Isolation level: undefined/unknown
	Minimum pool size: undefined/unknown
	Maximum pool size: undefined/unknown
2026-01-03T20:59:09.444-05:00  INFO 20801 --- [payment_service] [           main] o.h.e.t.j.p.i.JtaPlatformInitiator       : HHH000489: No JTA platform available (set 'hibernate.transaction.jta.platform' to enable JTA platform integration)
Hibernate: create table passenger_payment_methods (id bigint generated by default as identity, billing_address_line1 varchar(255), billing_address_line2 varchar(255), billing_city varchar(255), billing_country varchar(255), billing_name varchar(255), billing_state varchar(255), billing_zip_code varchar(255), card_brand varchar(255), card_last_four varchar(255), created_at timestamp(6), expiry_month integer, expiry_year integer, is_default boolean not null, method_type enum ('ALIPAY','APPLE_PAY','CREDIT_CARD','DEBIT_CARD','GOOGLE_PAY','PAYPAL','WECHAT_PAY') not null, passenger_id bigint not null, payment_gateway_customer_id varchar(255), payment_gateway_token varchar(255) not null, updated_at timestamp(6), version bigint, primary key (id))
Hibernate: create table payments (id bigint generated by default as identity, amount integer not null, created_at timestamp(6), currency varchar(255), driver_id bigint, order_id bigint not null, paid_at timestamp(6), payment_gateway varchar(255), payment_method varchar(255), refunded_amount integer, status enum ('COMPLETED','FAILED','PARTIALLY_REFUNDED','PENDING','REFUNDED','REFUND_FAILED') not null, transaction_id varchar(255), transaction_type enum ('PAYMENT','REFUND'), updated_at timestamp(6), user_id bigint not null, version bigint, primary key (id))
Hibernate: create table wallet_transactions (id bigint generated by default as identity, amount integer not null, created_at timestamp(6), related_order_id bigint, related_withdrawal_id bigint, status varchar(255) not null, transaction_date timestamp(6) not null, type enum ('PAYMENT','REFUND') not null, updated_at timestamp(6), version bigint, wallet_id bigint not null, primary key (id))
Hibernate: create table wallets (id bigint generated by default as identity, balance integer not null, created_at timestamp(6), currency varchar(3) not null, driver_id bigint not null, updated_at timestamp(6), version bigint, primary key (id))
Hibernate: create table withdrawals (id bigint generated by default as identity, amount integer not null, completion_time timestamp(6), created_at timestamp(6), notes varchar(255), request_time timestamp(6) not null, status enum ('APPROVED','FAILED','PENDING','PROCESSED','REJECTED') not null, updated_at timestamp(6), version bigint, wallet_id bigint not null, primary key (id))
Hibernate: alter table if exists passenger_payment_methods drop constraint if exists UKhx4q81t8furx390qwjroc3vq3
Hibernate: alter table if exists passenger_payment_methods add constraint UKhx4q81t8furx390qwjroc3vq3 unique (payment_gateway_token)
Hibernate: alter table if exists payments drop constraint if exists UK8vo36cen604as7etdfwmyjsxt
Hibernate: alter table if exists payments add constraint UK8vo36cen604as7etdfwmyjsxt unique (order_id)
Hibernate: alter table if exists payments drop constraint if exists UKlryndveuwa4k5qthti0pkmtlx
Hibernate: alter table if exists payments add constraint UKlryndveuwa4k5qthti0pkmtlx unique (transaction_id)
Hibernate: alter table if exists wallets drop constraint if exists UKauol5joei3aamqtgxhdv04nwg
Hibernate: alter table if exists wallets add constraint UKauol5joei3aamqtgxhdv04nwg unique (driver_id)
2026-01-03T20:59:09.475-05:00  INFO 20801 --- [payment_service] [           main] j.LocalContainerEntityManagerFactoryBean : Initialized JPA EntityManagerFactory for persistence unit 'default'
2026-01-03T20:59:09.709-05:00  INFO 20801 --- [payment_service] [           main] c.e.p.WithdrawalRepositoryTest           : Started WithdrawalRepositoryTest in 1.815 seconds (process running for 2.328)
Hibernate: insert into withdrawals (amount,completion_time,created_at,notes,request_time,status,updated_at,version,wallet_id,id) values (?,?,?,?,?,?,?,?,?,default)
Hibernate: select w1_0.id,w1_0.amount,w1_0.completion_time,w1_0.created_at,w1_0.notes,w1_0.request_time,w1_0.status,w1_0.updated_at,w1_0.version,w1_0.wallet_id from withdrawals w1_0 where w1_0.wallet_id=?
]]></system-out>
  </testcase>
</testsuite>